<?xml version="1.0" encoding="UTF-8"?>
<testsuite name="MatrixTest$CountRowsTest" tests="10" skipped="0" failures="0" errors="0" timestamp="2017-02-26T07:46:04" hostname="siva-2239" time="0.008">
  <properties/>
  <testcase name="countRowsTest[0: expected matrix constructed with string &#10;&quot;0&quot; to have 1 row(s).]" classname="MatrixTest$CountRowsTest" time="0.0"/>
  <testcase name="countRowsTest[1: expected matrix constructed with string &#10;&quot;0 1&quot; to have 1 row(s).]" classname="MatrixTest$CountRowsTest" time="0.0"/>
  <testcase name="countRowsTest[2: expected matrix constructed with string &#10;&quot;0&#10;1&quot; to have 2 row(s).]" classname="MatrixTest$CountRowsTest" time="0.0"/>
  <testcase name="countRowsTest[3: expected matrix constructed with string &#10;&quot;0 1&#10;2 3&quot; to have 2 row(s).]" classname="MatrixTest$CountRowsTest" time="0.0"/>
  <testcase name="countRowsTest[4: expected matrix constructed with string &#10;&quot;0 1 2&#10;3 4 5&#10;6 7 8&quot; to have 3 row(s).]" classname="MatrixTest$CountRowsTest" time="0.0"/>
  <testcase name="countRowsTest[0: expected matrix constructed with string &#10;&quot;0&quot; to have 1 row(s).]" classname="MatrixTest$CountRowsTest" time="0.0"/>
  <testcase name="countRowsTest[1: expected matrix constructed with string &#10;&quot;0 1&quot; to have 1 row(s).]" classname="MatrixTest$CountRowsTest" time="0.0"/>
  <testcase name="countRowsTest[2: expected matrix constructed with string &#10;&quot;0&#10;1&quot; to have 2 row(s).]" classname="MatrixTest$CountRowsTest" time="0.0"/>
  <testcase name="countRowsTest[3: expected matrix constructed with string &#10;&quot;0 1&#10;2 3&quot; to have 2 row(s).]" classname="MatrixTest$CountRowsTest" time="0.0"/>
  <testcase name="countRowsTest[4: expected matrix constructed with string &#10;&quot;0 1 2&#10;3 4 5&#10;6 7 8&quot; to have 3 row(s).]" classname="MatrixTest$CountRowsTest" time="0.0"/>
  <system-out><![CDATA[]]></system-out>
  <system-err><![CDATA[]]></system-err>
</testsuite>
