<?xml version="1.0" encoding="UTF-8"?>
<testsuite name="AcronymTest" tests="7" skipped="0" failures="0" errors="0" timestamp="2017-02-23T18:21:16" hostname="siva-2239" time="0.06">
  <properties/>
  <testcase name="fromTitleCasedPhrases" classname="AcronymTest" time="0.057"/>
  <testcase name="fromPhrasesWithPunctuationAndSentenceCasing" classname="AcronymTest" time="0.0"/>
  <testcase name="fromOtherPhrasesWithPunctuation" classname="AcronymTest" time="0.0"/>
  <testcase name="fromOtherTitleCasedPhrases" classname="AcronymTest" time="0.0"/>
  <testcase name="fromPhraseWithSingleLetterWord" classname="AcronymTest" time="0.0"/>
  <testcase name="fromInconsistentlyCasedPhrases" classname="AcronymTest" time="0.0"/>
  <testcase name="fromPhrasesWithPunctuation" classname="AcronymTest" time="0.0"/>
  <system-out><![CDATA[]]></system-out>
  <system-err><![CDATA[]]></system-err>
</testsuite>
