<?xml version="1.0" encoding="UTF-8"?>
<testsuite name="SimpleLinkedListTest" tests="7" skipped="0" failures="0" errors="0" timestamp="2017-03-07T21:04:47" hostname="siva-2239" time="0.063">
  <properties/>
  <testcase name="canReturnListAsArray" classname="SimpleLinkedListTest" time="0.002"/>
  <testcase name="reverseReversesList" classname="SimpleLinkedListTest" time="0.002"/>
  <testcase name="canCreateFromArray" classname="SimpleLinkedListTest" time="0.052"/>
  <testcase name="canReturnEmptyListAsEmptyArray" classname="SimpleLinkedListTest" time="0.0"/>
  <testcase name="popOnEmptyListWillThrow" classname="SimpleLinkedListTest" time="0.003"/>
  <testcase name="popReturnsLastAddedElement" classname="SimpleLinkedListTest" time="0.0"/>
  <testcase name="aNewListIsEmpty" classname="SimpleLinkedListTest" time="0.001"/>
  <system-out><![CDATA[]]></system-out>
  <system-err><![CDATA[]]></system-err>
</testsuite>
