<?xml version="1.0" encoding="UTF-8"?>
<testsuite name="AnagramTest" tests="10" skipped="0" failures="0" errors="0" timestamp="2017-02-22T19:46:34" hostname="siva-2239" time="0.068">
  <properties/>
  <testcase name="testEliminateAnagramSubsets" classname="AnagramTest" time="0.059"/>
  <testcase name="testAnagramsAreCaseInsensitive" classname="AnagramTest" time="0.003"/>
  <testcase name="testDetectAnagrams" classname="AnagramTest" time="0.0"/>
  <testcase name="testIdenticalWordIsNotAnagram" classname="AnagramTest" time="0.001"/>
  <testcase name="testSimpleAnagram" classname="AnagramTest" time="0.0"/>
  <testcase name="testMultipleAnagrams" classname="AnagramTest" time="0.002"/>
  <testcase name="testDetectMultipleAnagrams" classname="AnagramTest" time="0.0"/>
  <testcase name="testDoesNotConfuseDifferentDuplicates" classname="AnagramTest" time="0.001"/>
  <testcase name="testNoMatches" classname="AnagramTest" time="0.0"/>
  <testcase name="testEliminateAnagramsWithSameChecksum" classname="AnagramTest" time="0.0"/>
  <system-out><![CDATA[[cron]
]]></system-out>
  <system-err><![CDATA[]]></system-err>
</testsuite>
