<?xml version="1.0" encoding="UTF-8"?>
<testsuite name="SumOfMultiplesTest" tests="12" skipped="0" failures="0" errors="0" timestamp="2017-02-25T11:15:09" hostname="siva-2239" time="0.087">
  <properties/>
  <testcase name="testSumOfMultiplesOf4and6UpToFifteen" classname="SumOfMultiplesTest" time="0.055"/>
  <testcase name="testSumOfMultiplesOf3and5UpToOneHundred" classname="SumOfMultiplesTest" time="0.001"/>
  <testcase name="testSumOfMultiplesOfNoneUpToTenThousand" classname="SumOfMultiplesTest" time="0.02"/>
  <testcase name="testSumOfMultiplesOf5and6and8UpToOneHundredFifty" classname="SumOfMultiplesTest" time="0.001"/>
  <testcase name="testSumOfMultiplesOf3and4UpToOne" classname="SumOfMultiplesTest" time="0.0"/>
  <testcase name="testSumOfMultiplesOf7and13and17UpToTwenty" classname="SumOfMultiplesTest" time="0.0"/>
  <testcase name="testSumOfMultiplesOf3and5UpToFour" classname="SumOfMultiplesTest" time="0.0"/>
  <testcase name="testSumOfMultiplesOf5and25UpToTwoHundredSeventyFive" classname="SumOfMultiplesTest" time="0.0"/>
  <testcase name="testSumOfMultiplesOfOneUpToOneHundred" classname="SumOfMultiplesTest" time="0.0"/>
  <testcase name="testSumOfMultiplesOf43and47UpToTenThousand" classname="SumOfMultiplesTest" time="0.005"/>
  <testcase name="testSumOfMultiplesOf3and5UpToTen" classname="SumOfMultiplesTest" time="0.0"/>
  <testcase name="testSumOfMultiplesOf3and5UpToOneThousand" classname="SumOfMultiplesTest" time="0.001"/>
  <system-out><![CDATA[]]></system-out>
  <system-err><![CDATA[]]></system-err>
</testsuite>
